<?xml version="1.0" encoding="UTF-8"?>
<!-- Generated by org.testng.reporters.JUnitReportReporter -->
<testsuite hostname="vish-PC" name="crossBrowser.Html" tests="2" failures="0" timestamp="12 Oct 2014 13:45:02 GMT" time="75.425" errors="0">
  <testcase name="actual" time="35.216" classname="crossBrowser.Html"/>
  <testcase name="actual" time="40.209" classname="crossBrowser.Html"/>
</testsuite> <!-- crossBrowser.Html -->
