<?xml version="1.0" encoding="UTF-8"?>
<!-- Generated by org.testng.reporters.JUnitReportReporter -->
<testsuite hostname="vish-PC" name="crossBrowser.NewTest" tests="2" failures="0" timestamp="9 Oct 2014 18:42:18 GMT" time="0.015" errors="0">
  <testcase name="f" time="0.003" classname="crossBrowser.NewTest"/>
  <testcase name="f" time="0.012" classname="crossBrowser.NewTest"/>
</testsuite> <!-- crossBrowser.NewTest -->
